0 info it worked if it ends with ok
1 verbose cli [ 'C:\\Program Files\\nodejs\\node.exe',
1 verbose cli   'C:\\Program Files\\nodejs\\node_modules\\npm\\bin\\npm-cli.js',
1 verbose cli   'run',
1 verbose cli   'fest' ]
2 info using npm@3.10.3
3 info using node@v6.3.1
4 verbose run-script [ 'prefest', 'fest', 'postfest' ]
5 info lifecycle sample@1.0.0~prefest: sample@1.0.0
6 silly lifecycle sample@1.0.0~prefest: no script for prefest, continuing
7 info lifecycle sample@1.0.0~fest: sample@1.0.0
8 verbose lifecycle sample@1.0.0~fest: unsafe-perm in lifecycle true
9 verbose lifecycle sample@1.0.0~fest: PATH: C:\Program Files\nodejs\node_modules\npm\bin\node-gyp-bin;C:\TypingQuiz\node_modules\.bin;C:\Program Files\nodejs;C:\ProgramData\Oracle\Java\javapath;C:\WINDOWS\system32;C:\WINDOWS;C:\WINDOWS\System32\Wbem;C:\WINDOWS\System32\WindowsPowerShell\v1.0\;C:\Program Files (x86)\ATI Technologies\ATI.ACE\Core-Static;C:\Program Files (x86)\AMD\ATI.ACE\Core-Static;C:\Program Files (x86)\Skype\Phone\;C:\Program Files\Microsoft\Web Platform Installer\;E:\Program Files\MATLAB\R2016a\runtime\win64;E:\Program Files\MATLAB\R2016a\bin;E:\Program Files\Git\cmd;C:\Program Files\nodejs\;C:\Program Files (x86)\IVI Foundation\VISA\WinNT\Bin\;C:\Program Files\IVI Foundation\VISA\Win64\Bin\;C:\Program Files (x86)\IVI Foundation\VISA\WinNT\Bin;C:\Users\Eekone\AppData\Local\Microsoft\WindowsApps;C:\Users\Eekone\AppData\Local\atom\bin;C:\Users\Eekone\AppData\Roaming\npm
10 verbose lifecycle sample@1.0.0~fest: CWD: C:\TypingQuiz
11 silly lifecycle sample@1.0.0~fest: Args: [ '/d /s /c', 'fest-build --dir=./public/components' ]
12 silly lifecycle sample@1.0.0~fest: Returned: code: 1  signal: null
13 info lifecycle sample@1.0.0~fest: Failed to exec fest script
14 verbose stack Error: sample@1.0.0 fest: `fest-build --dir=./public/components`
14 verbose stack Exit status 1
14 verbose stack     at EventEmitter.<anonymous> (C:\Program Files\nodejs\node_modules\npm\lib\utils\lifecycle.js:242:16)
14 verbose stack     at emitTwo (events.js:106:13)
14 verbose stack     at EventEmitter.emit (events.js:191:7)
14 verbose stack     at ChildProcess.<anonymous> (C:\Program Files\nodejs\node_modules\npm\lib\utils\spawn.js:40:14)
14 verbose stack     at emitTwo (events.js:106:13)
14 verbose stack     at ChildProcess.emit (events.js:191:7)
14 verbose stack     at maybeClose (internal/child_process.js:852:16)
14 verbose stack     at Process.ChildProcess._handle.onexit (internal/child_process.js:215:5)
15 verbose pkgid sample@1.0.0
16 verbose cwd C:\TypingQuiz
17 error Windows_NT 10.0.14393
18 error argv "C:\\Program Files\\nodejs\\node.exe" "C:\\Program Files\\nodejs\\node_modules\\npm\\bin\\npm-cli.js" "run" "fest"
19 error node v6.3.1
20 error npm  v3.10.3
21 error code ELIFECYCLE
22 error sample@1.0.0 fest: `fest-build --dir=./public/components`
22 error Exit status 1
23 error Failed at the sample@1.0.0 fest script 'fest-build --dir=./public/components'.
23 error Make sure you have the latest version of node.js and npm installed.
23 error If you do, this is most likely a problem with the sample package,
23 error not with npm itself.
23 error Tell the author that this fails on your system:
23 error     fest-build --dir=./public/components
23 error You can get information on how to open an issue for this project with:
23 error     npm bugs sample
23 error Or if that isn't available, you can get their info via:
23 error     npm owner ls sample
23 error There is likely additional logging output above.
24 verbose exit [ 1, true ]
